-------------------------------------------------------------------------------
Test set: net.codejava.UserRepositoryTests
-------------------------------------------------------------------------------
Tests run: 2, Failures: 0, Errors: 1, Skipped: 0, Time elapsed: 1.038 s <<< FAILURE! - in net.codejava.UserRepositoryTests
testFindByEmail  Time elapsed: 0.177 s  <<< ERROR!
java.lang.NullPointerException: Cannot invoke "net.codejava.model.User.getEmail()" because "user" is null
	at net.codejava.UserRepositoryTests.testFindByEmail(UserRepositoryTests.java:48)

