<?xml version="1.0" encoding="UTF-8"?>
<testsuite xmlns:xsi="http://www.w3.org/2001/XMLSchema-instance" xsi:noNamespaceSchemaLocation="https://maven.apache.org/surefire/maven-surefire-plugin/xsd/surefire-test-report.xsd" name="net.codejava.UserRepositoryTests" time="1.038" tests="2" errors="1" skipped="0" failures="0">
  <properties>
[...]
</properties>
  <testcase name="testFindByEmail" classname="net.codejava.UserRepositoryTests" time="0.177">
    <error message="Cannot invoke &quot;net.codejava.model.User.getEmail()&quot; because &quot;user&quot; is null" type="java.lang.NullPointerException">java.lang.NullPointerException: Cannot invoke "net.codejava.model.User.getEmail()" because "user" is null
	at net.codejava.UserRepositoryTests.testFindByEmail(UserRepositoryTests.java:48)
</error>
    <system-out><![CDATA[2021-03-23 14:59:36.329  INFO 13512 --- [           main] b.t.a.o.j.DataJpaTestContextBootstrapper : Neither @ContextConfiguration nor @ContextHierarchy found for test class [net.codejava.UserRepositoryTests], using SpringBootContextLoader
2021-03-23 14:59:36.331  INFO 13512 --- [           main] o.s.t.c.support.AbstractContextLoader    : Could not detect default resource locations for test class [net.codejava.UserRepositoryTests]: no resource found for suffixes {-context.xml, Context.groovy}.
2021-03-23 14:59:36.331  INFO 13512 --- [           main] t.c.s.AnnotationConfigContextLoaderUtils : Could not detect default configuration classes for test class [net.codejava.UserRepositoryTests]: UserRepositoryTests does not declare any static, non-private, non-final, nested classes annotated with @Configuration.
2021-03-23 14:59:36.439  INFO 13512 --- [           main] .b.t.c.SpringBootTestContextBootstrapper : Found @SpringBootConfiguration net.codejava.SpringBootRegistrationLoginApplication for test class net.codejava.UserRepositoryTests
2021-03-23 14:59:36.440  INFO 13512 --- [           main] b.t.a.o.j.DataJpaTestContextBootstrapper : Loaded default TestExecutionListener class names from location [META-INF/spring.factories]: [org.springframework.boot.test.mock.mockito.MockitoTestExecutionListener, org.springframework.boot.test.mock.mockito.ResetMocksTestExecutionListener, org.springframework.boot.test.autoconfigure.restdocs.RestDocsTestExecutionListener, org.springframework.boot.test.autoconfigure.web.client.MockRestServiceServerResetTestExecutionListener, org.springframework.boot.test.autoconfigure.web.servlet.MockMvcPrintOnlyOnFailureTestExecutionListener, org.springframework.boot.test.autoconfigure.web.servlet.WebDriverTestExecutionListener, org.springframework.boot.test.autoconfigure.webservices.client.MockWebServiceServerTestExecutionListener, org.springframework.test.context.web.ServletTestExecutionListener, org.springframework.test.context.support.DirtiesContextBeforeModesTestExecutionListener, org.springframework.test.context.support.DependencyInjectionTestExecutionListener, org.springframework.test.context.support.DirtiesContextTestExecutionListener, org.springframework.test.context.transaction.TransactionalTestExecutionListener, org.springframework.test.context.jdbc.SqlScriptsTestExecutionListener, org.springframework.test.context.event.EventPublishingTestExecutionListener, org.springframework.security.test.context.support.WithSecurityContextTestExecutionListener, org.springframework.security.test.context.support.ReactorContextTestExecutionListener]
2021-03-23 14:59:36.441  INFO 13512 --- [           main] b.t.a.o.j.DataJpaTestContextBootstrapper : Using TestExecutionListeners: [org.springframework.test.context.web.ServletTestExecutionListener@5ad40184, org.springframework.test.context.support.DirtiesContextBeforeModesTestExecutionListener@3359c3f6, org.springframework.boot.test.mock.mockito.MockitoTestExecutionListener@3d3b272a, org.springframework.boot.test.autoconfigure.SpringBootDependencyInjectionTestExecutionListener@45b27ad3, org.springframework.test.context.support.DirtiesContextTestExecutionListener@3f908bc0, org.springframework.test.context.transaction.TransactionalTestExecutionListener@422ba9b7, org.springframework.test.context.jdbc.SqlScriptsTestExecutionListener@26cdd4af, org.springframework.test.context.event.EventPublishingTestExecutionListener@707f4647, org.springframework.security.test.context.support.WithSecurityContextTestExecutionListener@4b8a0d03, org.springframework.security.test.context.support.ReactorContextTestExecutionListener@54f373d4, org.springframework.boot.test.mock.mockito.ResetMocksTestExecutionListener@1c53bd49, org.springframework.boot.test.autoconfigure.restdocs.RestDocsTestExecutionListener@16949dfa, org.springframework.boot.test.autoconfigure.web.client.MockRestServiceServerResetTestExecutionListener@d6d683e, org.springframework.boot.test.autoconfigure.web.servlet.MockMvcPrintOnlyOnFailureTestExecutionListener@42cfd794, org.springframework.boot.test.autoconfigure.web.servlet.WebDriverTestExecutionListener@43778371, org.springframework.boot.test.autoconfigure.webservices.client.MockWebServiceServerTestExecutionListener@71beada8]

  .   ____          _            __ _ _
 /\\ / ___'_ __ _ _(_)_ __  __ _ \ \ \ \
( ( )\___ | '_ | '_| | '_ \/ _` | \ \ \ \
 \\/  ___)| |_)| | | | | || (_| |  ) ) ) )
  '  |____| .__|_| |_|_| |_\__, | / / / /
 =========|_|==============|___/=/_/_/_/
 :: Spring Boot ::        (v2.3.4.RELEASE)

2021-03-23 14:59:36.490  INFO 13512 --- [           main] net.codejava.UserRepositoryTests         : Starting UserRepositoryTests on DESKTOP-0HHME6P with PID 13512 (started by Mahavir in C:\Users\Mahavir\Desktop\daf\team6project)
2021-03-23 14:59:36.491  INFO 13512 --- [           main] net.codejava.UserRepositoryTests         : No active profile set, falling back to default profiles: default
2021-03-23 14:59:36.623  INFO 13512 --- [           main] .s.d.r.c.RepositoryConfigurationDelegate : Bootstrapping Spring Data JPA repositories in LAZY mode.
2021-03-23 14:59:36.643  INFO 13512 --- [           main] .s.d.r.c.RepositoryConfigurationDelegate : Finished Spring Data repository scanning in 19ms. Found 3 JPA repository interfaces.
2021-03-23 14:59:36.771  INFO 13512 --- [           main] o.hibernate.jpa.internal.util.LogHelper  : HHH000204: Processing PersistenceUnitInfo [name: default]
2021-03-23 14:59:36.778  INFO 13512 --- [           main] com.zaxxer.hikari.HikariDataSource       : HikariPool-2 - Starting...
2021-03-23 14:59:36.798  INFO 13512 --- [           main] com.zaxxer.hikari.HikariDataSource       : HikariPool-2 - Start completed.
2021-03-23 14:59:36.798  INFO 13512 --- [           main] org.hibernate.dialect.Dialect            : HHH000400: Using dialect: org.hibernate.dialect.MySQL8Dialect
2021-03-23 14:59:36.856  INFO 13512 --- [           main] o.h.e.t.j.p.i.JtaPlatformInitiator       : HHH000490: Using JtaPlatform implementation: [org.hibernate.engine.transaction.jta.platform.internal.NoJtaPlatform]
2021-03-23 14:59:36.856  INFO 13512 --- [           main] j.LocalContainerEntityManagerFactoryBean : Initialized JPA EntityManagerFactory for persistence unit 'default'
2021-03-23 14:59:36.900  INFO 13512 --- [           main] net.codejava.UserRepositoryTests         : Started UserRepositoryTests in 0.457 seconds (JVM running for 7.84)
2021-03-23 14:59:36.920  INFO 13512 --- [           main] o.s.t.c.transaction.TransactionContext   : Began transaction (1) for test context [DefaultTestContext@351c6341 testClass = UserRepositoryTests, testInstance = net.codejava.UserRepositoryTests@32069394, testMethod = testFindByEmail@UserRepositoryTests, testException = [null], mergedContextConfiguration = [MergedContextConfiguration@70421a08 testClass = UserRepositoryTests, locations = '{}', classes = '{class net.codejava.SpringBootRegistrationLoginApplication}', contextInitializerClasses = '[]', activeProfiles = '{}', propertySourceLocations = '{}', propertySourceProperties = '{org.springframework.boot.test.autoconfigure.orm.jpa.DataJpaTestContextBootstrapper=true}', contextCustomizers = set[[ImportsContextCustomizer@5dba3fdc key = [org.springframework.boot.autoconfigure.cache.CacheAutoConfiguration, org.springframework.boot.autoconfigure.data.jpa.JpaRepositoriesAutoConfiguration, org.springframework.boot.autoconfigure.flyway.FlywayAutoConfiguration, org.springframework.boot.autoconfigure.jdbc.DataSourceAutoConfiguration, org.springframework.boot.autoconfigure.jdbc.DataSourceTransactionManagerAutoConfiguration, org.springframework.boot.autoconfigure.jdbc.JdbcTemplateAutoConfiguration, org.springframework.boot.autoconfigure.liquibase.LiquibaseAutoConfiguration, org.springframework.boot.autoconfigure.orm.jpa.HibernateJpaAutoConfiguration, org.springframework.boot.autoconfigure.transaction.TransactionAutoConfiguration, org.springframework.boot.test.autoconfigure.jdbc.TestDatabaseAutoConfiguration, org.springframework.boot.test.autoconfigure.orm.jpa.TestEntityManagerAutoConfiguration]], org.springframework.boot.test.context.filter.ExcludeFilterContextCustomizer@404bbcbd, org.springframework.boot.test.json.DuplicateJsonObjectContextCustomizerFactory$DuplicateJsonObjectContextCustomizer@6986852, org.springframework.boot.test.mock.mockito.MockitoContextCustomizer@0, org.springframework.boot.test.autoconfigure.OverrideAutoConfigurationContextCustomizerFactory$DisableAutoConfigurationContextCustomizer@7227926b, org.springframework.boot.test.autoconfigure.filter.TypeExcludeFiltersContextCustomizer@351584c0, org.springframework.boot.test.autoconfigure.properties.PropertyMappingContextCustomizer@9751d425, org.springframework.boot.test.autoconfigure.web.servlet.WebDriverContextCustomizerFactory$Customizer@55cf0d14, org.springframework.boot.test.context.SpringBootTestArgs@1], contextLoader = 'org.springframework.boot.test.context.SpringBootContextLoader', parent = [null]], attributes = map[[empty]]]; transaction manager [org.springframework.orm.jpa.JpaTransactionManager@2d2a8819]; rollback [false]
Hibernate: 
    select
        user0_.id as id1_2_,
        user0_.email as email2_2_,
        user0_.enabled as enabled3_2_,
        user0_.first_name as first_na4_2_,
        user0_.last_name as last_nam5_2_,
        user0_.password as password6_2_,
        user0_.verification_code as verifica7_2_ 
    from
        users user0_ 
    where
        user0_.email=?
2021-03-23 14:59:37.072  INFO 13512 --- [           main] o.s.t.c.transaction.TransactionContext   : Committed transaction for test: [DefaultTestContext@351c6341 testClass = UserRepositoryTests, testInstance = net.codejava.UserRepositoryTests@32069394, testMethod = testFindByEmail@UserRepositoryTests, testException = java.lang.NullPointerException: Cannot invoke "net.codejava.model.User.getEmail()" because "user" is null, mergedContextConfiguration = [MergedContextConfiguration@70421a08 testClass = UserRepositoryTests, locations = '{}', classes = '{class net.codejava.SpringBootRegistrationLoginApplication}', contextInitializerClasses = '[]', activeProfiles = '{}', propertySourceLocations = '{}', propertySourceProperties = '{org.springframework.boot.test.autoconfigure.orm.jpa.DataJpaTestContextBootstrapper=true}', contextCustomizers = set[[ImportsContextCustomizer@5dba3fdc key = [org.springframework.boot.autoconfigure.cache.CacheAutoConfiguration, org.springframework.boot.autoconfigure.data.jpa.JpaRepositoriesAutoConfiguration, org.springframework.boot.autoconfigure.flyway.FlywayAutoConfiguration, org.springframework.boot.autoconfigure.jdbc.DataSourceAutoConfiguration, org.springframework.boot.autoconfigure.jdbc.DataSourceTransactionManagerAutoConfiguration, org.springframework.boot.autoconfigure.jdbc.JdbcTemplateAutoConfiguration, org.springframework.boot.autoconfigure.liquibase.LiquibaseAutoConfiguration, org.springframework.boot.autoconfigure.orm.jpa.HibernateJpaAutoConfiguration, org.springframework.boot.autoconfigure.transaction.TransactionAutoConfiguration, org.springframework.boot.test.autoconfigure.jdbc.TestDatabaseAutoConfiguration, org.springframework.boot.test.autoconfigure.orm.jpa.TestEntityManagerAutoConfiguration]], org.springframework.boot.test.context.filter.ExcludeFilterContextCustomizer@404bbcbd, org.springframework.boot.test.json.DuplicateJsonObjectContextCustomizerFactory$DuplicateJsonObjectContextCustomizer@6986852, org.springframework.boot.test.mock.mockito.MockitoContextCustomizer@0, org.springframework.boot.test.autoconfigure.OverrideAutoConfigurationContextCustomizerFactory$DisableAutoConfigurationContextCustomizer@7227926b, org.springframework.boot.test.autoconfigure.filter.TypeExcludeFiltersContextCustomizer@351584c0, org.springframework.boot.test.autoconfigure.properties.PropertyMappingContextCustomizer@9751d425, org.springframework.boot.test.autoconfigure.web.servlet.WebDriverContextCustomizerFactory$Customizer@55cf0d14, org.springframework.boot.test.context.SpringBootTestArgs@1], contextLoader = 'org.springframework.boot.test.context.SpringBootContextLoader', parent = [null]], attributes = map[[empty]]]
]]></system-out>
  </testcase>
  <testcase name="testCreateUser" classname="net.codejava.UserRepositoryTests" time="0.348"/>
</testsuite>